<?xml version="1.0" encoding="UTF-8"?>
<testng-results ignored="0" total="1" passed="1" failed="0" skipped="0">
  <reporter-output>
  </reporter-output>
  <suite started-at="2024-01-06T03:09:05 IST" name="Default suite" finished-at="2024-01-06T03:09:09 IST" duration-ms="4189">
    <groups>
    </groups>
    <test started-at="2024-01-06T03:09:05 IST" name="Default test" finished-at="2024-01-06T03:09:09 IST" duration-ms="4189">
      <class name="company.cawstudios.assignment.DynamicTableHandling">
        <test-method is-config="true" signature="setup()[pri:0, instance:company.cawstudios.assignment.DynamicTableHandling@53045c6c]" started-at="2024-01-06T03:09:05 IST" name="setup" finished-at="2024-01-06T03:09:07 IST" duration-ms="1550" status="PASS">
          <reporter-output>
          </reporter-output>
        </test-method> <!-- setup -->
        <test-method signature="dynamicTableHandlingTest()[pri:0, instance:company.cawstudios.assignment.DynamicTableHandling@53045c6c]" started-at="2024-01-06T03:09:07 IST" name="dynamicTableHandlingTest" finished-at="2024-01-06T03:09:09 IST" duration-ms="2508" status="PASS">
          <reporter-output>
          </reporter-output>
        </test-method> <!-- dynamicTableHandlingTest -->
        <test-method is-config="true" signature="tearDown()[pri:0, instance:company.cawstudios.assignment.DynamicTableHandling@53045c6c]" started-at="2024-01-06T03:09:09 IST" name="tearDown" finished-at="2024-01-06T03:09:09 IST" duration-ms="103" status="PASS">
          <reporter-output>
          </reporter-output>
        </test-method> <!-- tearDown -->
      </class> <!-- company.cawstudios.assignment.DynamicTableHandling -->
    </test> <!-- Default test -->
  </suite> <!-- Default suite -->
</testng-results>
